<?xml version="1.0" encoding="UTF-8"?>
<!-- Generated by org.testng.reporters.JUnitReportReporter -->
<testsuite hostname="DESKTOP-JAA2JGE" failures="0" tests="4" name="testCases.TC_003_LoginDDT" time="50.410" errors="0" timestamp="2024-10-16T17:45:23 IST" skipped="0">
  <testcase classname="testCases.TC_003_LoginDDT" name="verify_loginDDT" time="4.781"/>
  <testcase classname="testCases.TC_003_LoginDDT" name="verify_loginDDT" time="17.765"/>
  <testcase classname="testCases.TC_003_LoginDDT" name="verify_loginDDT" time="18.649"/>
  <testcase classname="testCases.TC_003_LoginDDT" name="verify_loginDDT" time="9.215"/>
</testsuite> <!-- testCases.TC_003_LoginDDT -->
