<?xml version="1.0" encoding="UTF-8"?>
<!-- Generated by org.testng.reporters.JUnitReportReporter -->
<testsuite hostname="DESKTOP-JAA2JGE" failures="0" tests="1" name="testCases.TC_002_DoLoginTC" time="2.261" errors="0" timestamp="2024-10-17T18:48:11 IST" skipped="0">
  <testcase classname="testCases.TC_002_DoLoginTC" name="verifyLoginTestCase" time="2.261"/>
</testsuite> <!-- testCases.TC_002_DoLoginTC -->
